This file contains any messages produced by compilers while
running configure, to aid debugging if configure makes a mistake.

It was created by configure, which was
generated by GNU Autoconf 2.68.  Invocation command line was

  $ ./configure --no-create --no-recursion

## --------- ##
## Platform. ##
## --------- ##

hostname = viper-laptop
uname -m = i686
uname -r = 3.2.0-17-generic
uname -s = Linux
uname -v = #26-Ubuntu SMP Fri Feb 17 21:42:45 UTC 2012

/usr/bin/uname -p = unknown
/bin/uname -X     = unknown

/bin/arch              = unknown
/usr/bin/arch -k       = unknown
/usr/convex/getsysinfo = unknown
/usr/bin/hostinfo      = unknown
/bin/machine           = unknown
/usr/bin/oslevel       = unknown
/bin/universe          = unknown

PATH: /usr/local/sbin
PATH: /usr/local/bin
PATH: /usr/sbin
PATH: /usr/bin
PATH: /sbin
PATH: /bin
PATH: /usr/games


## ----------- ##
## Core tests. ##
## ----------- ##

configure:1896: checking for a BSD-compatible install
configure:1964: result: /usr/bin/install -c
configure:1975: checking whether build environment is sane
configure:2025: result: yes
configure:2166: checking for a thread-safe mkdir -p
configure:2205: result: /bin/mkdir -p
configure:2218: checking for gawk
configure:2248: result: no
configure:2218: checking for mawk
configure:2234: found /usr/bin/mawk
configure:2245: result: mawk
configure:2256: checking whether make sets $(MAKE)
configure:2278: result: yes
configure:2406: checking for gcc
configure:2422: found /usr/bin/gcc
configure:2433: result: gcc
configure:2662: checking for C compiler version
configure:2671: gcc --version >&5
gcc (Ubuntu/Linaro 4.6.2-14ubuntu2) 4.6.2
Copyright (C) 2011 Free Software Foundation, Inc.
This is free software; see the source for copying conditions.  There is NO
warranty; not even for MERCHANTABILITY or FITNESS FOR A PARTICULAR PURPOSE.

configure:2682: $? = 0
configure:2671: gcc -v >&5
Using built-in specs.
COLLECT_GCC=gcc
COLLECT_LTO_WRAPPER=/usr/lib/gcc/i686-linux-gnu/4.6/lto-wrapper
Target: i686-linux-gnu
Configured with: ../src/configure -v --with-pkgversion='Ubuntu/Linaro 4.6.2-14ubuntu2' --with-bugurl=file:///usr/share/doc/gcc-4.6/README.Bugs --enable-languages=c,c++,fortran,objc,obj-c++,go --prefix=/usr --program-suffix=-4.6 --enable-shared --enable-linker-build-id --with-system-zlib --libexecdir=/usr/lib --without-included-gettext --enable-threads=posix --with-gxx-include-dir=/usr/include/c++/4.6 --libdir=/usr/lib --enable-nls --with-sysroot=/ --enable-clocale=gnu --enable-libstdcxx-debug --enable-libstdcxx-time=yes --enable-plugin --enable-objc-gc --enable-targets=all --disable-werror --with-arch-32=i686 --with-tune=generic --enable-checking=release --build=i686-linux-gnu --host=i686-linux-gnu --target=i686-linux-gnu
Thread model: posix
gcc version 4.6.2 (Ubuntu/Linaro 4.6.2-14ubuntu2) 
configure:2682: $? = 0
configure:2671: gcc -V >&5
gcc: error: unrecognized option '-V'
gcc: fatal error: no input files
compilation terminated.
configure:2682: $? = 4
configure:2671: gcc -qversion >&5
gcc: error: unrecognized option '-qversion'
gcc: fatal error: no input files
compilation terminated.
configure:2682: $? = 4
configure:2702: checking whether the C compiler works
configure:2724: gcc    conftest.c  >&5
configure:2728: $? = 0
configure:2776: result: yes
configure:2779: checking for C compiler default output file name
configure:2781: result: a.out
configure:2787: checking for suffix of executables
configure:2794: gcc -o conftest    conftest.c  >&5
configure:2798: $? = 0
configure:2820: result: 
configure:2842: checking whether we are cross compiling
configure:2850: gcc -o conftest    conftest.c  >&5
configure:2854: $? = 0
configure:2861: ./conftest
configure:2865: $? = 0
configure:2880: result: no
configure:2885: checking for suffix of object files
configure:2907: gcc -c   conftest.c >&5
configure:2911: $? = 0
configure:2932: result: o
configure:2936: checking whether we are using the GNU C compiler
configure:2955: gcc -c   conftest.c >&5
configure:2955: $? = 0
configure:2964: result: yes
configure:2973: checking whether gcc accepts -g
configure:2993: gcc -c -g  conftest.c >&5
configure:2993: $? = 0
configure:3034: result: yes
configure:3051: checking for gcc option to accept ISO C89
configure:3115: gcc  -c -g -O2  conftest.c >&5
configure:3115: $? = 0
configure:3128: result: none needed
configure:3159: checking for style of include used by make
configure:3187: result: GNU
configure:3213: checking dependency style of gcc
configure:3324: result: gcc3
configure:3397: checking for g++
configure:3413: found /usr/bin/g++
configure:3424: result: g++
configure:3451: checking for C++ compiler version
configure:3460: g++ --version >&5
g++ (Ubuntu/Linaro 4.6.2-14ubuntu2) 4.6.2
Copyright (C) 2011 Free Software Foundation, Inc.
This is free software; see the source for copying conditions.  There is NO
warranty; not even for MERCHANTABILITY or FITNESS FOR A PARTICULAR PURPOSE.

configure:3471: $? = 0
configure:3460: g++ -v >&5
Using built-in specs.
COLLECT_GCC=g++
COLLECT_LTO_WRAPPER=/usr/lib/gcc/i686-linux-gnu/4.6/lto-wrapper
Target: i686-linux-gnu
Configured with: ../src/configure -v --with-pkgversion='Ubuntu/Linaro 4.6.2-14ubuntu2' --with-bugurl=file:///usr/share/doc/gcc-4.6/README.Bugs --enable-languages=c,c++,fortran,objc,obj-c++,go --prefix=/usr --program-suffix=-4.6 --enable-shared --enable-linker-build-id --with-system-zlib --libexecdir=/usr/lib --without-included-gettext --enable-threads=posix --with-gxx-include-dir=/usr/include/c++/4.6 --libdir=/usr/lib --enable-nls --with-sysroot=/ --enable-clocale=gnu --enable-libstdcxx-debug --enable-libstdcxx-time=yes --enable-plugin --enable-objc-gc --enable-targets=all --disable-werror --with-arch-32=i686 --with-tune=generic --enable-checking=release --build=i686-linux-gnu --host=i686-linux-gnu --target=i686-linux-gnu
Thread model: posix
gcc version 4.6.2 (Ubuntu/Linaro 4.6.2-14ubuntu2) 
configure:3471: $? = 0
configure:3460: g++ -V >&5
g++: error: unrecognized option '-V'
g++: fatal error: no input files
compilation terminated.
configure:3471: $? = 4
configure:3460: g++ -qversion >&5
g++: error: unrecognized option '-qversion'
g++: fatal error: no input files
compilation terminated.
configure:3471: $? = 4
configure:3475: checking whether we are using the GNU C++ compiler
configure:3494: g++ -c   conftest.cpp >&5
configure:3494: $? = 0
configure:3503: result: yes
configure:3512: checking whether g++ accepts -g
configure:3532: g++ -c -g  conftest.cpp >&5
configure:3532: $? = 0
configure:3573: result: yes
configure:3598: checking dependency style of g++
configure:3709: result: gcc3
configure:3730: checking how to run the C preprocessor
configure:3761: gcc -E  conftest.c
configure:3761: $? = 0
configure:3775: gcc -E  conftest.c
conftest.c:11:28: fatal error: ac_nonexistent.h: No such file or directory
compilation terminated.
configure:3775: $? = 1
configure: failed program was:
| /* confdefs.h */
| #define PACKAGE_NAME ""
| #define PACKAGE_TARNAME ""
| #define PACKAGE_VERSION ""
| #define PACKAGE_STRING ""
| #define PACKAGE_BUGREPORT ""
| #define PACKAGE_URL ""
| #define PACKAGE "voiphopper"
| #define VERSION "2.04"
| /* end confdefs.h.  */
| #include <ac_nonexistent.h>
configure:3800: result: gcc -E
configure:3820: gcc -E  conftest.c
configure:3820: $? = 0
configure:3834: gcc -E  conftest.c
conftest.c:11:28: fatal error: ac_nonexistent.h: No such file or directory
compilation terminated.
configure:3834: $? = 1
configure: failed program was:
| /* confdefs.h */
| #define PACKAGE_NAME ""
| #define PACKAGE_TARNAME ""
| #define PACKAGE_VERSION ""
| #define PACKAGE_STRING ""
| #define PACKAGE_BUGREPORT ""
| #define PACKAGE_URL ""
| #define PACKAGE "voiphopper"
| #define VERSION "2.04"
| /* end confdefs.h.  */
| #include <ac_nonexistent.h>
configure:3863: checking for grep that handles long lines and -e
configure:3921: result: /bin/grep
configure:3926: checking for egrep
configure:3988: result: /bin/grep -E
configure:3994: checking whether gcc needs -traditional
configure:4028: result: no
configure:4036: checking whether gcc and cc understand -c and -o together
configure:4067: gcc -c conftest.c -o conftest2.o >&5
configure:4071: $? = 0
configure:4077: gcc -c conftest.c -o conftest2.o >&5
configure:4081: $? = 0
configure:4092: cc -c conftest.c >&5
configure:4096: $? = 0
configure:4104: cc -c conftest.c -o conftest2.o >&5
configure:4108: $? = 0
configure:4114: cc -c conftest.c -o conftest2.o >&5
configure:4118: $? = 0
configure:4136: result: yes
configure:4333: creating ./config.status

## ---------------- ##
## Cache variables. ##
## ---------------- ##

ac_cv_c_compiler_gnu=yes
ac_cv_cxx_compiler_gnu=yes
ac_cv_env_CCC_set=
ac_cv_env_CCC_value=
ac_cv_env_CC_set=
ac_cv_env_CC_value=
ac_cv_env_CFLAGS_set=
ac_cv_env_CFLAGS_value=
ac_cv_env_CPPFLAGS_set=
ac_cv_env_CPPFLAGS_value=
ac_cv_env_CPP_set=
ac_cv_env_CPP_value=
ac_cv_env_CXXFLAGS_set=
ac_cv_env_CXXFLAGS_value=
ac_cv_env_CXX_set=
ac_cv_env_CXX_value=
ac_cv_env_LDFLAGS_set=
ac_cv_env_LDFLAGS_value=
ac_cv_env_LIBS_set=
ac_cv_env_LIBS_value=
ac_cv_env_build_alias_set=
ac_cv_env_build_alias_value=
ac_cv_env_host_alias_set=
ac_cv_env_host_alias_value=
ac_cv_env_target_alias_set=
ac_cv_env_target_alias_value=
ac_cv_objext=o
ac_cv_path_EGREP='/bin/grep -E'
ac_cv_path_GREP=/bin/grep
ac_cv_path_install='/usr/bin/install -c'
ac_cv_path_mkdir=/bin/mkdir
ac_cv_prog_AWK=mawk
ac_cv_prog_CPP='gcc -E'
ac_cv_prog_ac_ct_CC=gcc
ac_cv_prog_ac_ct_CXX=g++
ac_cv_prog_cc_c89=
ac_cv_prog_cc_g=yes
ac_cv_prog_cc_gcc_c_o=yes
ac_cv_prog_cxx_g=yes
ac_cv_prog_gcc_traditional=no
ac_cv_prog_make_make_set=yes
am_cv_CC_dependencies_compiler_type=gcc3
am_cv_CXX_dependencies_compiler_type=gcc3

## ----------------- ##
## Output variables. ##
## ----------------- ##

ACLOCAL='${SHELL} /usr/src/voiphopper-2.04/missing --run aclocal-1.11'
AMDEPBACKSLASH='\'
AMDEP_FALSE='#'
AMDEP_TRUE=''
AMTAR='$${TAR-tar}'
AUTOCONF='${SHELL} /usr/src/voiphopper-2.04/missing --run autoconf'
AUTOHEADER='${SHELL} /usr/src/voiphopper-2.04/missing --run autoheader'
AUTOMAKE='${SHELL} /usr/src/voiphopper-2.04/missing --run automake-1.11'
AWK='mawk'
CC='gcc'
CCDEPMODE='depmode=gcc3'
CFLAGS='-g -O2'
CPP='gcc -E'
CPPFLAGS=''
CXX='g++'
CXXDEPMODE='depmode=gcc3'
CXXFLAGS='-g -O2'
CYGPATH_W='echo'
DEFS='-DPACKAGE_NAME=\"\" -DPACKAGE_TARNAME=\"\" -DPACKAGE_VERSION=\"\" -DPACKAGE_STRING=\"\" -DPACKAGE_BUGREPORT=\"\" -DPACKAGE_URL=\"\" -DPACKAGE=\"voiphopper\" -DVERSION=\"2.04\"'
DEPDIR='.deps'
ECHO_C=''
ECHO_N='-n'
ECHO_T=''
EGREP='/bin/grep -E'
EXEEXT=''
GREP='/bin/grep'
INSTALL_DATA='${INSTALL} -m 644'
INSTALL_PROGRAM='${INSTALL}'
INSTALL_SCRIPT='${INSTALL}'
INSTALL_STRIP_PROGRAM='$(install_sh) -c -s'
LDFLAGS=''
LIBOBJS=''
LIBS=''
LTLIBOBJS=''
MAKEINFO='${SHELL} /usr/src/voiphopper-2.04/missing --run makeinfo'
MKDIR_P='/bin/mkdir -p'
OBJEXT='o'
PACKAGE='voiphopper'
PACKAGE_BUGREPORT=''
PACKAGE_NAME=''
PACKAGE_STRING=''
PACKAGE_TARNAME=''
PACKAGE_URL=''
PACKAGE_VERSION=''
PATH_SEPARATOR=':'
SET_MAKE=''
SHELL='/bin/bash'
STRIP=''
VERSION='2.04'
ac_ct_CC='gcc'
ac_ct_CXX='g++'
am__EXEEXT_FALSE=''
am__EXEEXT_TRUE='#'
am__fastdepCC_FALSE='#'
am__fastdepCC_TRUE=''
am__fastdepCXX_FALSE='#'
am__fastdepCXX_TRUE=''
am__include='include'
am__isrc=''
am__leading_dot='.'
am__nodep='_no'
am__quote=''
am__tar='$${TAR-tar} chof - "$$tardir"'
am__untar='$${TAR-tar} xf -'
bindir='${exec_prefix}/bin'
build_alias=''
datadir='${datarootdir}'
datarootdir='${prefix}/share'
docdir='${datarootdir}/doc/${PACKAGE}'
dvidir='${docdir}'
exec_prefix='${prefix}'
host_alias=''
htmldir='${docdir}'
includedir='${prefix}/include'
infodir='${datarootdir}/info'
install_sh='${SHELL} /usr/src/voiphopper-2.04/install-sh'
libdir='${exec_prefix}/lib'
libexecdir='${exec_prefix}/libexec'
localedir='${datarootdir}/locale'
localstatedir='${prefix}/var'
mandir='${datarootdir}/man'
mkdir_p='/bin/mkdir -p'
oldincludedir='/usr/include'
pdfdir='${docdir}'
prefix='/usr/local'
program_transform_name='s,x,x,'
psdir='${docdir}'
sbindir='${exec_prefix}/sbin'
sharedstatedir='${prefix}/com'
sysconfdir='${prefix}/etc'
target_alias=''

## ----------- ##
## confdefs.h. ##
## ----------- ##

/* confdefs.h */
#define PACKAGE_NAME ""
#define PACKAGE_TARNAME ""
#define PACKAGE_VERSION ""
#define PACKAGE_STRING ""
#define PACKAGE_BUGREPORT ""
#define PACKAGE_URL ""
#define PACKAGE "voiphopper"
#define VERSION "2.04"

configure: exit 0

## ---------------------- ##
## Running config.status. ##
## ---------------------- ##

This file was extended by config.status, which was
generated by GNU Autoconf 2.68.  Invocation command line was

  CONFIG_FILES    = 
  CONFIG_HEADERS  = 
  CONFIG_LINKS    = 
  CONFIG_COMMANDS = 
  $ ./config.status 

on viper-laptop

config.status:790: creating Makefile
config.status:790: creating src/Makefile
config.status:962: executing depfiles commands
